<?xml version="1.0" encoding="UTF-8"?>
<!-- Generated by org.testng.reporters.JUnitReportReporter -->
<testsuite skipped="0" hostname="lenovo-PC" name="jbkPages.DashboardTestCases" tests="9" failures="1" timestamp="05 Aug 2021 02:56:17 GMT" time="7.222" errors="0">
  <testcase name="validLogin" time="4.760" classname="jbkPages.DashboardTestCases"/>
  <testcase name="profileName" time="0.181" classname="jbkPages.DashboardTestCases"/>
  <testcase name="userImage" time="0.179" classname="jbkPages.DashboardTestCases"/>
  <testcase name="menuOnDashboard" time="0.269" classname="jbkPages.DashboardTestCases"/>
  <testcase name="coursesOnDashboard" time="0.231" classname="jbkPages.DashboardTestCases"/>
  <testcase name="dashboardHeading" time="0.188" classname="jbkPages.DashboardTestCases"/>
  <testcase name="dashboardCoursesColours" time="0.109" classname="jbkPages.DashboardTestCases">
    <failure type="java.lang.AssertionError" message="lists don&#039;t have the same size expected [4] but found [1]">
      <![CDATA[java.lang.AssertionError: lists don't have the same size expected [4] but found [1]
at org.testng.Assert.fail(Assert.java:96)
at org.testng.Assert.failNotEquals(Assert.java:776)
at org.testng.Assert.assertEqualsImpl(Assert.java:137)
at org.testng.Assert.assertEquals(Assert.java:118)
at org.testng.Assert.assertEquals(Assert.java:652)
at org.testng.Assert.assertEquals(Assert.java:819)
at org.testng.Assert.assertEquals(Assert.java:796)
at jbkPages.DashboardTestCases.dashboardCoursesColours(DashboardTestCases.java:111)
at sun.reflect.NativeMethodAccessorImpl.invoke0(Native Method)
at sun.reflect.NativeMethodAccessorImpl.invoke(NativeMethodAccessorImpl.java:62)
at sun.reflect.DelegatingMethodAccessorImpl.invoke(DelegatingMethodAccessorImpl.java:43)
at java.lang.reflect.Method.invoke(Method.java:498)
at org.testng.internal.MethodInvocationHelper.invokeMethod(MethodInvocationHelper.java:124)
at org.testng.internal.Invoker.invokeMethod(Invoker.java:583)
at org.testng.internal.Invoker.invokeTestMethod(Invoker.java:719)
at org.testng.internal.Invoker.invokeTestMethods(Invoker.java:989)
at org.testng.internal.TestMethodWorker.invokeTestMethods(TestMethodWorker.java:125)
at org.testng.internal.TestMethodWorker.run(TestMethodWorker.java:109)
at org.testng.TestRunner.privateRun(TestRunner.java:648)
at org.testng.TestRunner.run(TestRunner.java:505)
at org.testng.SuiteRunner.runTest(SuiteRunner.java:455)
at org.testng.SuiteRunner.runSequentially(SuiteRunner.java:450)
at org.testng.SuiteRunner.privateRun(SuiteRunner.java:415)
at org.testng.SuiteRunner.run(SuiteRunner.java:364)
at org.testng.SuiteRunnerWorker.runSuite(SuiteRunnerWorker.java:52)
at org.testng.SuiteRunnerWorker.run(SuiteRunnerWorker.java:84)
at org.testng.TestNG.runSuitesSequentially(TestNG.java:1208)
at org.testng.TestNG.runSuitesLocally(TestNG.java:1137)
at org.testng.TestNG.runSuites(TestNG.java:1049)
at org.testng.TestNG.run(TestNG.java:1017)
at org.testng.remote.AbstractRemoteTestNG.run(AbstractRemoteTestNG.java:132)
at org.testng.remote.RemoteTestNG.initAndRun(RemoteTestNG.java:236)
at org.testng.remote.RemoteTestNG.main(RemoteTestNG.java:81)
]]>
    </failure>
  </testcase> <!-- dashboardCoursesColours -->
  <testcase name="coursesIcons" time="0.085" classname="jbkPages.DashboardTestCases"/>
  <testcase name="moreInfo" time="1.220" classname="jbkPages.DashboardTestCases"/>
</testsuite> <!-- jbkPages.DashboardTestCases -->
